[2021-08-13 10:44:13] local.ERROR: Route is not bound. {"exception":"[object] (LogicException(code: 0): Route is not bound. at C:\\OpenServer\\domains\\shop\\vendor\\laravel\\framework\\src\\Illuminate\\Routing\\Route.php:404)
[stacktrace]
#0 C:\\OpenServer\\domains\\shop\\vendor\\laravel\\framework\\src\\Illuminate\\Routing\\Route.php(349): Illuminate\\Routing\\Route->parameters()
#1 C:\\OpenServer\\domains\\shop\\vendor\\laravel\\framework\\src\\Illuminate\\Routing\\Route.php(933): Illuminate\\Routing\\Route->parameter('name')
#2 C:\\OpenServer\\domains\\shop\outes\\web.php(16): Illuminate\\Routing\\Route->__get('name')
#3 C:\\OpenServer\\domains\\shop\\vendor\\laravel\\framework\\src\\Illuminate\\Routing\\RouteFileRegistrar.php(35): require('C:\\\\OpenServer\\\\d...')
#4 C:\\OpenServer\\domains\\shop\\vendor\\laravel\\framework\\src\\Illuminate\\Routing\\Router.php(415): Illuminate\\Routing\\RouteFileRegistrar->register('C:\\\\OpenServer\\\\d...')
#5 C:\\OpenServer\\domains\\shop\\vendor\\laravel\\framework\\src\\Illuminate\\Routing\\Router.php(373): Illuminate\\Routing\\Router->loadRoutes('C:\\\\OpenServer\\\\d...')
#6 C:\\OpenServer\\domains\\shop\\vendor\\laravel\\framework\\src\\Illuminate\\Routing\\RouteRegistrar.php(121): Illuminate\\Routing\\Router->group(Array, 'C:\\\\OpenServer\\\\d...')
#7 C:\\OpenServer\\domains\\shop\\app\\Providers\\RouteServiceProvider.php(57): Illuminate\\Routing\\RouteRegistrar->group('C:\\\\OpenServer\\\\d...')
#8 C:\\OpenServer\\domains\\shop\\app\\Providers\\RouteServiceProvider.php(41): App\\Providers\\RouteServiceProvider->mapWebRoutes()
#9 [internal function]: App\\Providers\\RouteServiceProvider->map()
#10 C:\\OpenServer\\domains\\shop\\vendor\\laravel\\framework\\src\\Illuminate\\Container\\BoundMethod.php(32): call_user_func_array(Array, Array)
#11 C:\\OpenServer\\domains\\shop\\vendor\\laravel\\framework\\src\\Illuminate\\Container\\BoundMethod.php(90): Illuminate\\Container\\BoundMethod::Illuminate\\Container\\{closure}()
#12 C:\\OpenServer\\domains\\shop\\vendor\\laravel\\framework\\src\\Illuminate\\Container\\BoundMethod.php(34): Illuminate\\Container\\BoundMethod::callBoundMethod(Object(Illuminate\\Foundation\\Application), Array, Object(Closure))
#13 C:\\OpenServer\\domains\\shop\\vendor\\laravel\\framework\\src\\Illuminate\\Container\\Container.php(576): Illuminate\\Container\\BoundMethod::call(Object(Illuminate\\Foundation\\Application), Array, Array, NULL)
#14 C:\\OpenServer\\domains\\shop\\vendor\\laravel\\framework\\src\\Illuminate\\Foundation\\Support\\Providers\\RouteServiceProvider.php(87): Illuminate\\Container\\Container->call(Array)
#15 C:\\OpenServer\\domains\\shop\\vendor\\laravel\\framework\\src\\Illuminate\\Foundation\\Support\\Providers\\RouteServiceProvider.php(36): Illuminate\\Foundation\\Support\\Providers\\RouteServiceProvider->loadRoutes()
#16 C:\\OpenServer\\domains\\shop\\app\\Providers\\RouteServiceProvider.php(29): Illuminate\\Foundation\\Support\\Providers\\RouteServiceProvider->boot()
#17 [internal function]: App\\Providers\\RouteServiceProvider->boot()
#18 C:\\OpenServer\\domains\\shop\\vendor\\laravel\\framework\\src\\Illuminate\\Container\\BoundMethod.php(32): call_user_func_array(Array, Array)
#19 C:\\OpenServer\\domains\\shop\\vendor\\laravel\\framework\\src\\Illuminate\\Container\\BoundMethod.php(90): Illuminate\\Container\\BoundMethod::Illuminate\\Container\\{closure}()
#20 C:\\OpenServer\\domains\\shop\\vendor\\laravel\\framework\\src\\Illuminate\\Container\\BoundMethod.php(34): Illuminate\\Container\\BoundMethod::callBoundMethod(Object(Illuminate\\Foundation\\Application), Array, Object(Closure))
#21 C:\\OpenServer\\domains\\shop\\vendor\\laravel\\framework\\src\\Illuminate\\Container\\Container.php(576): Illuminate\\Container\\BoundMethod::call(Object(Illuminate\\Foundation\\Application), Array, Array, NULL)
#22 C:\\OpenServer\\domains\\shop\\vendor\\laravel\\framework\\src\\Illuminate\\Foundation\\Application.php(827): Illuminate\\Container\\Container->call(Array)
#23 C:\\OpenServer\\domains\\shop\\vendor\\laravel\\framework\\src\\Illuminate\\Foundation\\Application.php(810): Illuminate\\Foundation\\Application->bootProvider(Object(App\\Providers\\RouteServiceProvider))
#24 [internal function]: Illuminate\\Foundation\\Application->Illuminate\\Foundation\\{closure}(Object(App\\Providers\\RouteServiceProvider), 20)
#25 C:\\OpenServer\\domains\\shop\\vendor\\laravel\\framework\\src\\Illuminate\\Foundation\\Application.php(811): array_walk(Array, Object(Closure))
#26 C:\\OpenServer\\domains\\shop\\vendor\\laravel\\framework\\src\\Illuminate\\Foundation\\Bootstrap\\BootProviders.php(17): Illuminate\\Foundation\\Application->boot()
#27 C:\\OpenServer\\domains\\shop\\vendor\\laravel\\framework\\src\\Illuminate\\Foundation\\Application.php(210): Illuminate\\Foundation\\Bootstrap\\BootProviders->bootstrap(Object(Illuminate\\Foundation\\Application))
#28 C:\\OpenServer\\domains\\shop\\vendor\\laravel\\framework\\src\\Illuminate\\Foundation\\Console\\Kernel.php(322): Illuminate\\Foundation\\Application->bootstrapWith(Array)
#29 C:\\OpenServer\\domains\\shop\\vendor\\laravel\\framework\\src\\Illuminate\\Foundation\\Console\\Kernel.php(131): Illuminate\\Foundation\\Console\\Kernel->bootstrap()
#30 C:\\OpenServer\\domains\\shop\\artisan(37): Illuminate\\Foundation\\Console\\Kernel->handle(Object(Symfony\\Component\\Console\\Input\\ArgvInput), Object(Symfony\\Component\\Console\\Output\\ConsoleOutput))
#31 {main}
"} 
[2021-08-13 10:45:36] local.ERROR: Route is not bound. {"exception":"[object] (LogicException(code: 0): Route is not bound. at C:\\OpenServer\\domains\\shop\\vendor\\laravel\\framework\\src\\Illuminate\\Routing\\Route.php:404)
[stacktrace]
#0 C:\\OpenServer\\domains\\shop\\vendor\\laravel\\framework\\src\\Illuminate\\Routing\\Route.php(349): Illuminate\\Routing\\Route->parameters()
#1 C:\\OpenServer\\domains\\shop\\vendor\\laravel\\framework\\src\\Illuminate\\Routing\\Route.php(933): Illuminate\\Routing\\Route->parameter('name')
#2 C:\\OpenServer\\domains\\shop\outes\\web.php(16): Illuminate\\Routing\\Route->__get('name')
#3 C:\\OpenServer\\domains\\shop\\vendor\\laravel\\framework\\src\\Illuminate\\Routing\\RouteFileRegistrar.php(35): require('C:\\\\OpenServer\\\\d...')
#4 C:\\OpenServer\\domains\\shop\\vendor\\laravel\\framework\\src\\Illuminate\\Routing\\Router.php(415): Illuminate\\Routing\\RouteFileRegistrar->register('C:\\\\OpenServer\\\\d...')
#5 C:\\OpenServer\\domains\\shop\\vendor\\laravel\\framework\\src\\Illuminate\\Routing\\Router.php(373): Illuminate\\Routing\\Router->loadRoutes('C:\\\\OpenServer\\\\d...')
#6 C:\\OpenServer\\domains\\shop\\vendor\\laravel\\framework\\src\\Illuminate\\Routing\\RouteRegistrar.php(121): Illuminate\\Routing\\Router->group(Array, 'C:\\\\OpenServer\\\\d...')
#7 C:\\OpenServer\\domains\\shop\\app\\Providers\\RouteServiceProvider.php(57): Illuminate\\Routing\\RouteRegistrar->group('C:\\\\OpenServer\\\\d...')
#8 C:\\OpenServer\\domains\\shop\\app\\Providers\\RouteServiceProvider.php(41): App\\Providers\\RouteServiceProvider->mapWebRoutes()
#9 [internal function]: App\\Providers\\RouteServiceProvider->map()
#10 C:\\OpenServer\\domains\\shop\\vendor\\laravel\\framework\\src\\Illuminate\\Container\\BoundMethod.php(32): call_user_func_array(Array, Array)
#11 C:\\OpenServer\\domains\\shop\\vendor\\laravel\\framework\\src\\Illuminate\\Container\\BoundMethod.php(90): Illuminate\\Container\\BoundMethod::Illuminate\\Container\\{closure}()
#12 C:\\OpenServer\\domains\\shop\\vendor\\laravel\\framework\\src\\Illuminate\\Container\\BoundMethod.php(34): Illuminate\\Container\\BoundMethod::callBoundMethod(Object(Illuminate\\Foundation\\Application), Array, Object(Closure))
#13 C:\\OpenServer\\domains\\shop\\vendor\\laravel\\framework\\src\\Illuminate\\Container\\Container.php(576): Illuminate\\Container\\BoundMethod::call(Object(Illuminate\\Foundation\\Application), Array, Array, NULL)
#14 C:\\OpenServer\\domains\\shop\\vendor\\laravel\\framework\\src\\Illuminate\\Foundation\\Support\\Providers\\RouteServiceProvider.php(87): Illuminate\\Container\\Container->call(Array)
#15 C:\\OpenServer\\domains\\shop\\vendor\\laravel\\framework\\src\\Illuminate\\Foundation\\Support\\Providers\\RouteServiceProvider.php(36): Illuminate\\Foundation\\Support\\Providers\\RouteServiceProvider->loadRoutes()
#16 C:\\OpenServer\\domains\\shop\\app\\Providers\\RouteServiceProvider.php(29): Illuminate\\Foundation\\Support\\Providers\\RouteServiceProvider->boot()
#17 [internal function]: App\\Providers\\RouteServiceProvider->boot()
#18 C:\\OpenServer\\domains\\shop\\vendor\\laravel\\framework\\src\\Illuminate\\Container\\BoundMethod.php(32): call_user_func_array(Array, Array)
#19 C:\\OpenServer\\domains\\shop\\vendor\\laravel\\framework\\src\\Illuminate\\Container\\BoundMethod.php(90): Illuminate\\Container\\BoundMethod::Illuminate\\Container\\{closure}()
#20 C:\\OpenServer\\domains\\shop\\vendor\\laravel\\framework\\src\\Illuminate\\Container\\BoundMethod.php(34): Illuminate\\Container\\BoundMethod::callBoundMethod(Object(Illuminate\\Foundation\\Application), Array, Object(Closure))
#21 C:\\OpenServer\\domains\\shop\\vendor\\laravel\\framework\\src\\Illuminate\\Container\\Container.php(576): Illuminate\\Container\\BoundMethod::call(Object(Illuminate\\Foundation\\Application), Array, Array, NULL)
#22 C:\\OpenServer\\domains\\shop\\vendor\\laravel\\framework\\src\\Illuminate\\Foundation\\Application.php(827): Illuminate\\Container\\Container->call(Array)
#23 C:\\OpenServer\\domains\\shop\\vendor\\laravel\\framework\\src\\Illuminate\\Foundation\\Application.php(810): Illuminate\\Foundation\\Application->bootProvider(Object(App\\Providers\\RouteServiceProvider))
#24 [internal function]: Illuminate\\Foundation\\Application->Illuminate\\Foundation\\{closure}(Object(App\\Providers\\RouteServiceProvider), 20)
#25 C:\\OpenServer\\domains\\shop\\vendor\\laravel\\framework\\src\\Illuminate\\Foundation\\Application.php(811): array_walk(Array, Object(Closure))
#26 C:\\OpenServer\\domains\\shop\\vendor\\laravel\\framework\\src\\Illuminate\\Foundation\\Bootstrap\\BootProviders.php(17): Illuminate\\Foundation\\Application->boot()
#27 C:\\OpenServer\\domains\\shop\\vendor\\laravel\\framework\\src\\Illuminate\\Foundation\\Application.php(210): Illuminate\\Foundation\\Bootstrap\\BootProviders->bootstrap(Object(Illuminate\\Foundation\\Application))
#28 C:\\OpenServer\\domains\\shop\\vendor\\laravel\\framework\\src\\Illuminate\\Foundation\\Console\\Kernel.php(322): Illuminate\\Foundation\\Application->bootstrapWith(Array)
#29 C:\\OpenServer\\domains\\shop\\vendor\\laravel\\framework\\src\\Illuminate\\Foundation\\Console\\Kernel.php(131): Illuminate\\Foundation\\Console\\Kernel->bootstrap()
#30 C:\\OpenServer\\domains\\shop\\artisan(37): Illuminate\\Foundation\\Console\\Kernel->handle(Object(Symfony\\Component\\Console\\Input\\ArgvInput), Object(Symfony\\Component\\Console\\Output\\ConsoleOutput))
#31 {main}
"} 
[2021-08-13 10:51:57] local.ERROR: Route is not bound. {"exception":"[object] (LogicException(code: 0): Route is not bound. at C:\\OpenServer\\domains\\shop\\vendor\\laravel\\framework\\src\\Illuminate\\Routing\\Route.php:404)
[stacktrace]
#0 C:\\OpenServer\\domains\\shop\\vendor\\laravel\\framework\\src\\Illuminate\\Routing\\Route.php(349): Illuminate\\Routing\\Route->parameters()
#1 C:\\OpenServer\\domains\\shop\\vendor\\laravel\\framework\\src\\Illuminate\\Routing\\Route.php(933): Illuminate\\Routing\\Route->parameter('name')
#2 C:\\OpenServer\\domains\\shop\outes\\web.php(16): Illuminate\\Routing\\Route->__get('name')
#3 C:\\OpenServer\\domains\\shop\\vendor\\laravel\\framework\\src\\Illuminate\\Routing\\RouteFileRegistrar.php(35): require('C:\\\\OpenServer\\\\d...')
#4 C:\\OpenServer\\domains\\shop\\vendor\\laravel\\framework\\src\\Illuminate\\Routing\\Router.php(415): Illuminate\\Routing\\RouteFileRegistrar->register('C:\\\\OpenServer\\\\d...')
#5 C:\\OpenServer\\domains\\shop\\vendor\\laravel\\framework\\src\\Illuminate\\Routing\\Router.php(373): Illuminate\\Routing\\Router->loadRoutes('C:\\\\OpenServer\\\\d...')
#6 C:\\OpenServer\\domains\\shop\\vendor\\laravel\\framework\\src\\Illuminate\\Routing\\RouteRegistrar.php(121): Illuminate\\Routing\\Router->group(Array, 'C:\\\\OpenServer\\\\d...')
#7 C:\\OpenServer\\domains\\shop\\app\\Providers\\RouteServiceProvider.php(57): Illuminate\\Routing\\RouteRegistrar->group('C:\\\\OpenServer\\\\d...')
#8 C:\\OpenServer\\domains\\shop\\app\\Providers\\RouteServiceProvider.php(41): App\\Providers\\RouteServiceProvider->mapWebRoutes()
#9 [internal function]: App\\Providers\\RouteServiceProvider->map()
#10 C:\\OpenServer\\domains\\shop\\vendor\\laravel\\framework\\src\\Illuminate\\Container\\BoundMethod.php(32): call_user_func_array(Array, Array)
#11 C:\\OpenServer\\domains\\shop\\vendor\\laravel\\framework\\src\\Illuminate\\Container\\BoundMethod.php(90): Illuminate\\Container\\BoundMethod::Illuminate\\Container\\{closure}()
#12 C:\\OpenServer\\domains\\shop\\vendor\\laravel\\framework\\src\\Illuminate\\Container\\BoundMethod.php(34): Illuminate\\Container\\BoundMethod::callBoundMethod(Object(Illuminate\\Foundation\\Application), Array, Object(Closure))
#13 C:\\OpenServer\\domains\\shop\\vendor\\laravel\\framework\\src\\Illuminate\\Container\\Container.php(576): Illuminate\\Container\\BoundMethod::call(Object(Illuminate\\Foundation\\Application), Array, Array, NULL)
#14 C:\\OpenServer\\domains\\shop\\vendor\\laravel\\framework\\src\\Illuminate\\Foundation\\Support\\Providers\\RouteServiceProvider.php(87): Illuminate\\Container\\Container->call(Array)
#15 C:\\OpenServer\\domains\\shop\\vendor\\laravel\\framework\\src\\Illuminate\\Foundation\\Support\\Providers\\RouteServiceProvider.php(36): Illuminate\\Foundation\\Support\\Providers\\RouteServiceProvider->loadRoutes()
#16 C:\\OpenServer\\domains\\shop\\app\\Providers\\RouteServiceProvider.php(29): Illuminate\\Foundation\\Support\\Providers\\RouteServiceProvider->boot()
#17 [internal function]: App\\Providers\\RouteServiceProvider->boot()
#18 C:\\OpenServer\\domains\\shop\\vendor\\laravel\\framework\\src\\Illuminate\\Container\\BoundMethod.php(32): call_user_func_array(Array, Array)
#19 C:\\OpenServer\\domains\\shop\\vendor\\laravel\\framework\\src\\Illuminate\\Container\\BoundMethod.php(90): Illuminate\\Container\\BoundMethod::Illuminate\\Container\\{closure}()
#20 C:\\OpenServer\\domains\\shop\\vendor\\laravel\\framework\\src\\Illuminate\\Container\\BoundMethod.php(34): Illuminate\\Container\\BoundMethod::callBoundMethod(Object(Illuminate\\Foundation\\Application), Array, Object(Closure))
#21 C:\\OpenServer\\domains\\shop\\vendor\\laravel\\framework\\src\\Illuminate\\Container\\Container.php(576): Illuminate\\Container\\BoundMethod::call(Object(Illuminate\\Foundation\\Application), Array, Array, NULL)
#22 C:\\OpenServer\\domains\\shop\\vendor\\laravel\\framework\\src\\Illuminate\\Foundation\\Application.php(827): Illuminate\\Container\\Container->call(Array)
#23 C:\\OpenServer\\domains\\shop\\vendor\\laravel\\framework\\src\\Illuminate\\Foundation\\Application.php(810): Illuminate\\Foundation\\Application->bootProvider(Object(App\\Providers\\RouteServiceProvider))
#24 [internal function]: Illuminate\\Foundation\\Application->Illuminate\\Foundation\\{closure}(Object(App\\Providers\\RouteServiceProvider), 20)
#25 C:\\OpenServer\\domains\\shop\\vendor\\laravel\\framework\\src\\Illuminate\\Foundation\\Application.php(811): array_walk(Array, Object(Closure))
#26 C:\\OpenServer\\domains\\shop\\vendor\\laravel\\framework\\src\\Illuminate\\Foundation\\Bootstrap\\BootProviders.php(17): Illuminate\\Foundation\\Application->boot()
#27 C:\\OpenServer\\domains\\shop\\vendor\\laravel\\framework\\src\\Illuminate\\Foundation\\Application.php(210): Illuminate\\Foundation\\Bootstrap\\BootProviders->bootstrap(Object(Illuminate\\Foundation\\Application))
#28 C:\\OpenServer\\domains\\shop\\vendor\\laravel\\framework\\src\\Illuminate\\Foundation\\Console\\Kernel.php(322): Illuminate\\Foundation\\Application->bootstrapWith(Array)
#29 C:\\OpenServer\\domains\\shop\\vendor\\laravel\\framework\\src\\Illuminate\\Foundation\\Console\\Kernel.php(131): Illuminate\\Foundation\\Console\\Kernel->bootstrap()
#30 C:\\OpenServer\\domains\\shop\\artisan(37): Illuminate\\Foundation\\Console\\Kernel->handle(Object(Symfony\\Component\\Console\\Input\\ArgvInput), Object(Symfony\\Component\\Console\\Output\\ConsoleOutput))
#31 {main}
"} 
[2021-08-13 10:53:30] local.ERROR: Route is not bound. {"exception":"[object] (LogicException(code: 0): Route is not bound. at C:\\OpenServer\\domains\\shops\\vendor\\laravel\\framework\\src\\Illuminate\\Routing\\Route.php:404)
[stacktrace]
#0 C:\\OpenServer\\domains\\shops\\vendor\\laravel\\framework\\src\\Illuminate\\Routing\\Route.php(349): Illuminate\\Routing\\Route->parameters()
#1 C:\\OpenServer\\domains\\shops\\vendor\\laravel\\framework\\src\\Illuminate\\Routing\\Route.php(933): Illuminate\\Routing\\Route->parameter('name')
#2 C:\\OpenServer\\domains\\shops\outes\\web.php(16): Illuminate\\Routing\\Route->__get('name')
#3 C:\\OpenServer\\domains\\shops\\vendor\\laravel\\framework\\src\\Illuminate\\Routing\\RouteFileRegistrar.php(35): require('C:\\\\OpenServer\\\\d...')
#4 C:\\OpenServer\\domains\\shops\\vendor\\laravel\\framework\\src\\Illuminate\\Routing\\Router.php(415): Illuminate\\Routing\\RouteFileRegistrar->register('C:\\\\OpenServer\\\\d...')
#5 C:\\OpenServer\\domains\\shops\\vendor\\laravel\\framework\\src\\Illuminate\\Routing\\Router.php(373): Illuminate\\Routing\\Router->loadRoutes('C:\\\\OpenServer\\\\d...')
#6 C:\\OpenServer\\domains\\shops\\vendor\\laravel\\framework\\src\\Illuminate\\Routing\\RouteRegistrar.php(121): Illuminate\\Routing\\Router->group(Array, 'C:\\\\OpenServer\\\\d...')
#7 C:\\OpenServer\\domains\\shops\\app\\Providers\\RouteServiceProvider.php(57): Illuminate\\Routing\\RouteRegistrar->group('C:\\\\OpenServer\\\\d...')
#8 C:\\OpenServer\\domains\\shops\\app\\Providers\\RouteServiceProvider.php(41): App\\Providers\\RouteServiceProvider->mapWebRoutes()
#9 [internal function]: App\\Providers\\RouteServiceProvider->map()
#10 C:\\OpenServer\\domains\\shops\\vendor\\laravel\\framework\\src\\Illuminate\\Container\\BoundMethod.php(32): call_user_func_array(Array, Array)
#11 C:\\OpenServer\\domains\\shops\\vendor\\laravel\\framework\\src\\Illuminate\\Container\\BoundMethod.php(90): Illuminate\\Container\\BoundMethod::Illuminate\\Container\\{closure}()
#12 C:\\OpenServer\\domains\\shops\\vendor\\laravel\\framework\\src\\Illuminate\\Container\\BoundMethod.php(34): Illuminate\\Container\\BoundMethod::callBoundMethod(Object(Illuminate\\Foundation\\Application), Array, Object(Closure))
#13 C:\\OpenServer\\domains\\shops\\vendor\\laravel\\framework\\src\\Illuminate\\Container\\Container.php(576): Illuminate\\Container\\BoundMethod::call(Object(Illuminate\\Foundation\\Application), Array, Array, NULL)
#14 C:\\OpenServer\\domains\\shops\\vendor\\laravel\\framework\\src\\Illuminate\\Foundation\\Support\\Providers\\RouteServiceProvider.php(87): Illuminate\\Container\\Container->call(Array)
#15 C:\\OpenServer\\domains\\shops\\vendor\\laravel\\framework\\src\\Illuminate\\Foundation\\Support\\Providers\\RouteServiceProvider.php(36): Illuminate\\Foundation\\Support\\Providers\\RouteServiceProvider->loadRoutes()
#16 C:\\OpenServer\\domains\\shops\\app\\Providers\\RouteServiceProvider.php(29): Illuminate\\Foundation\\Support\\Providers\\RouteServiceProvider->boot()
#17 [internal function]: App\\Providers\\RouteServiceProvider->boot()
#18 C:\\OpenServer\\domains\\shops\\vendor\\laravel\\framework\\src\\Illuminate\\Container\\BoundMethod.php(32): call_user_func_array(Array, Array)
#19 C:\\OpenServer\\domains\\shops\\vendor\\laravel\\framework\\src\\Illuminate\\Container\\BoundMethod.php(90): Illuminate\\Container\\BoundMethod::Illuminate\\Container\\{closure}()
#20 C:\\OpenServer\\domains\\shops\\vendor\\laravel\\framework\\src\\Illuminate\\Container\\BoundMethod.php(34): Illuminate\\Container\\BoundMethod::callBoundMethod(Object(Illuminate\\Foundation\\Application), Array, Object(Closure))
#21 C:\\OpenServer\\domains\\shops\\vendor\\laravel\\framework\\src\\Illuminate\\Container\\Container.php(576): Illuminate\\Container\\BoundMethod::call(Object(Illuminate\\Foundation\\Application), Array, Array, NULL)
#22 C:\\OpenServer\\domains\\shops\\vendor\\laravel\\framework\\src\\Illuminate\\Foundation\\Application.php(827): Illuminate\\Container\\Container->call(Array)
#23 C:\\OpenServer\\domains\\shops\\vendor\\laravel\\framework\\src\\Illuminate\\Foundation\\Application.php(810): Illuminate\\Foundation\\Application->bootProvider(Object(App\\Providers\\RouteServiceProvider))
#24 [internal function]: Illuminate\\Foundation\\Application->Illuminate\\Foundation\\{closure}(Object(App\\Providers\\RouteServiceProvider), 20)
#25 C:\\OpenServer\\domains\\shops\\vendor\\laravel\\framework\\src\\Illuminate\\Foundation\\Application.php(811): array_walk(Array, Object(Closure))
#26 C:\\OpenServer\\domains\\shops\\vendor\\laravel\\framework\\src\\Illuminate\\Foundation\\Bootstrap\\BootProviders.php(17): Illuminate\\Foundation\\Application->boot()
#27 C:\\OpenServer\\domains\\shops\\vendor\\laravel\\framework\\src\\Illuminate\\Foundation\\Application.php(210): Illuminate\\Foundation\\Bootstrap\\BootProviders->bootstrap(Object(Illuminate\\Foundation\\Application))
#28 C:\\OpenServer\\domains\\shops\\vendor\\laravel\\framework\\src\\Illuminate\\Foundation\\Console\\Kernel.php(322): Illuminate\\Foundation\\Application->bootstrapWith(Array)
#29 C:\\OpenServer\\domains\\shops\\vendor\\laravel\\framework\\src\\Illuminate\\Foundation\\Console\\Kernel.php(131): Illuminate\\Foundation\\Console\\Kernel->bootstrap()
#30 C:\\OpenServer\\domains\\shops\\artisan(37): Illuminate\\Foundation\\Console\\Kernel->handle(Object(Symfony\\Component\\Console\\Input\\ArgvInput), Object(Symfony\\Component\\Console\\Output\\ConsoleOutput))
#31 {main}
"} 
[2021-08-13 14:17:39] local.ERROR: Route is not bound. {"exception":"[object] (LogicException(code: 0): Route is not bound. at C:\\OpenServer\\domains\\shop\\vendor\\laravel\\framework\\src\\Illuminate\\Routing\\Route.php:404)
[stacktrace]
#0 C:\\OpenServer\\domains\\shop\\vendor\\laravel\\framework\\src\\Illuminate\\Routing\\Route.php(349): Illuminate\\Routing\\Route->parameters()
#1 C:\\OpenServer\\domains\\shop\\vendor\\laravel\\framework\\src\\Illuminate\\Routing\\Route.php(933): Illuminate\\Routing\\Route->parameter('name')
#2 C:\\OpenServer\\domains\\shop\outes\\web.php(16): Illuminate\\Routing\\Route->__get('name')
#3 C:\\OpenServer\\domains\\shop\\vendor\\laravel\\framework\\src\\Illuminate\\Routing\\RouteFileRegistrar.php(35): require('C:\\\\OpenServer\\\\d...')
#4 C:\\OpenServer\\domains\\shop\\vendor\\laravel\\framework\\src\\Illuminate\\Routing\\Router.php(415): Illuminate\\Routing\\RouteFileRegistrar->register('C:\\\\OpenServer\\\\d...')
#5 C:\\OpenServer\\domains\\shop\\vendor\\laravel\\framework\\src\\Illuminate\\Routing\\Router.php(373): Illuminate\\Routing\\Router->loadRoutes('C:\\\\OpenServer\\\\d...')
#6 C:\\OpenServer\\domains\\shop\\vendor\\laravel\\framework\\src\\Illuminate\\Routing\\RouteRegistrar.php(121): Illuminate\\Routing\\Router->group(Array, 'C:\\\\OpenServer\\\\d...')
#7 C:\\OpenServer\\domains\\shop\\app\\Providers\\RouteServiceProvider.php(57): Illuminate\\Routing\\RouteRegistrar->group('C:\\\\OpenServer\\\\d...')
#8 C:\\OpenServer\\domains\\shop\\app\\Providers\\RouteServiceProvider.php(41): App\\Providers\\RouteServiceProvider->mapWebRoutes()
#9 [internal function]: App\\Providers\\RouteServiceProvider->map()
#10 C:\\OpenServer\\domains\\shop\\vendor\\laravel\\framework\\src\\Illuminate\\Container\\BoundMethod.php(32): call_user_func_array(Array, Array)
#11 C:\\OpenServer\\domains\\shop\\vendor\\laravel\\framework\\src\\Illuminate\\Container\\BoundMethod.php(90): Illuminate\\Container\\BoundMethod::Illuminate\\Container\\{closure}()
#12 C:\\OpenServer\\domains\\shop\\vendor\\laravel\\framework\\src\\Illuminate\\Container\\BoundMethod.php(34): Illuminate\\Container\\BoundMethod::callBoundMethod(Object(Illuminate\\Foundation\\Application), Array, Object(Closure))
#13 C:\\OpenServer\\domains\\shop\\vendor\\laravel\\framework\\src\\Illuminate\\Container\\Container.php(576): Illuminate\\Container\\BoundMethod::call(Object(Illuminate\\Foundation\\Application), Array, Array, NULL)
#14 C:\\OpenServer\\domains\\shop\\vendor\\laravel\\framework\\src\\Illuminate\\Foundation\\Support\\Providers\\RouteServiceProvider.php(87): Illuminate\\Container\\Container->call(Array)
#15 C:\\OpenServer\\domains\\shop\\vendor\\laravel\\framework\\src\\Illuminate\\Foundation\\Support\\Providers\\RouteServiceProvider.php(36): Illuminate\\Foundation\\Support\\Providers\\RouteServiceProvider->loadRoutes()
#16 C:\\OpenServer\\domains\\shop\\app\\Providers\\RouteServiceProvider.php(29): Illuminate\\Foundation\\Support\\Providers\\RouteServiceProvider->boot()
#17 [internal function]: App\\Providers\\RouteServiceProvider->boot()
#18 C:\\OpenServer\\domains\\shop\\vendor\\laravel\\framework\\src\\Illuminate\\Container\\BoundMethod.php(32): call_user_func_array(Array, Array)
#19 C:\\OpenServer\\domains\\shop\\vendor\\laravel\\framework\\src\\Illuminate\\Container\\BoundMethod.php(90): Illuminate\\Container\\BoundMethod::Illuminate\\Container\\{closure}()
#20 C:\\OpenServer\\domains\\shop\\vendor\\laravel\\framework\\src\\Illuminate\\Container\\BoundMethod.php(34): Illuminate\\Container\\BoundMethod::callBoundMethod(Object(Illuminate\\Foundation\\Application), Array, Object(Closure))
#21 C:\\OpenServer\\domains\\shop\\vendor\\laravel\\framework\\src\\Illuminate\\Container\\Container.php(576): Illuminate\\Container\\BoundMethod::call(Object(Illuminate\\Foundation\\Application), Array, Array, NULL)
#22 C:\\OpenServer\\domains\\shop\\vendor\\laravel\\framework\\src\\Illuminate\\Foundation\\Application.php(827): Illuminate\\Container\\Container->call(Array)
#23 C:\\OpenServer\\domains\\shop\\vendor\\laravel\\framework\\src\\Illuminate\\Foundation\\Application.php(810): Illuminate\\Foundation\\Application->bootProvider(Object(App\\Providers\\RouteServiceProvider))
#24 [internal function]: Illuminate\\Foundation\\Application->Illuminate\\Foundation\\{closure}(Object(App\\Providers\\RouteServiceProvider), 20)
#25 C:\\OpenServer\\domains\\shop\\vendor\\laravel\\framework\\src\\Illuminate\\Foundation\\Application.php(811): array_walk(Array, Object(Closure))
#26 C:\\OpenServer\\domains\\shop\\vendor\\laravel\\framework\\src\\Illuminate\\Foundation\\Bootstrap\\BootProviders.php(17): Illuminate\\Foundation\\Application->boot()
#27 C:\\OpenServer\\domains\\shop\\vendor\\laravel\\framework\\src\\Illuminate\\Foundation\\Application.php(210): Illuminate\\Foundation\\Bootstrap\\BootProviders->bootstrap(Object(Illuminate\\Foundation\\Application))
#28 C:\\OpenServer\\domains\\shop\\vendor\\laravel\\framework\\src\\Illuminate\\Foundation\\Console\\Kernel.php(322): Illuminate\\Foundation\\Application->bootstrapWith(Array)
#29 C:\\OpenServer\\domains\\shop\\vendor\\laravel\\framework\\src\\Illuminate\\Foundation\\Console\\Kernel.php(131): Illuminate\\Foundation\\Console\\Kernel->bootstrap()
#30 C:\\OpenServer\\domains\\shop\\artisan(37): Illuminate\\Foundation\\Console\\Kernel->handle(Object(Symfony\\Component\\Console\\Input\\ArgvInput), Object(Symfony\\Component\\Console\\Output\\ConsoleOutput))
#31 {main}
"} 
